2022-11-03 19:39:51 INFO  CustomAspect:24 - Method topTotalWeight start
2022-11-03 19:39:51 INFO  CustomAspect:25 - Parameters count = 0
2022-11-03 19:39:51 INFO  CustomAspect:34 - Method topTotalWeight finished
2022-11-03 19:39:51 INFO  CustomAspect:35 - Total execution time StopWatch in nanoseconds: 64856527
2022-11-03 19:40:03 INFO  CustomAspect:24 - Method userFindByIdEndpoint start
2022-11-03 19:40:03 INFO  CustomAspect:25 - Parameters count = 1
2022-11-03 19:40:04 INFO  CustomAspect:34 - Method userFindByIdEndpoint finished
2022-11-03 19:40:04 INFO  CustomAspect:35 - Total execution time StopWatch in nanoseconds: 83730124
2022-11-03 19:52:48 INFO  CustomAspect:24 - Method findAllRolesWithCache start
2022-11-03 19:52:48 INFO  CustomAspect:25 - Parameters count = 0
2022-11-03 19:52:48 INFO  CustomAspect:34 - Method findAllRolesWithCache finished
2022-11-03 19:52:48 INFO  CustomAspect:35 - Total execution time StopWatch in nanoseconds: 120641684
2022-11-03 19:52:51 INFO  CustomAspect:24 - Method findAllRolesWithCache start
2022-11-03 19:52:51 INFO  CustomAspect:25 - Parameters count = 0
2022-11-03 19:52:51 INFO  CustomAspect:34 - Method findAllRolesWithCache finished
2022-11-03 19:52:51 INFO  CustomAspect:35 - Total execution time StopWatch in nanoseconds: 69871610
2022-11-03 19:52:52 INFO  CustomAspect:24 - Method findAllRolesWithCache start
2022-11-03 19:52:52 INFO  CustomAspect:25 - Parameters count = 0
2022-11-03 19:52:52 INFO  CustomAspect:34 - Method findAllRolesWithCache finished
2022-11-03 19:52:52 INFO  CustomAspect:35 - Total execution time StopWatch in nanoseconds: 154383
2022-11-03 19:59:50 INFO  CustomAspect:24 - Method findAllRolesWithCache start
2022-11-03 19:59:50 INFO  CustomAspect:25 - Parameters count = 0
2022-11-03 19:59:50 INFO  CustomAspect:34 - Method findAllRolesWithCache finished
2022-11-03 19:59:50 INFO  CustomAspect:35 - Total execution time StopWatch in nanoseconds: 52540129
2022-11-03 19:59:53 INFO  CustomAspect:24 - Method findAllRolesWithCache start
2022-11-03 19:59:53 INFO  CustomAspect:25 - Parameters count = 0
2022-11-03 19:59:53 INFO  CustomAspect:34 - Method findAllRolesWithCache finished
2022-11-03 19:59:53 INFO  CustomAspect:35 - Total execution time StopWatch in nanoseconds: 3634620
2022-11-03 20:00:00 INFO  CustomAspect:24 - Method findAllRolesWithCache start
2022-11-03 20:00:00 INFO  CustomAspect:25 - Parameters count = 0
2022-11-03 20:00:06 INFO  CustomAspect:24 - Method findAllRolesWithCache start
2022-11-03 20:00:06 INFO  CustomAspect:25 - Parameters count = 0
2022-11-03 20:01:56 INFO  CustomAspect:24 - Method findAllRolesWithCache start
2022-11-03 20:01:56 INFO  CustomAspect:25 - Parameters count = 0
2022-11-03 20:02:00 INFO  CustomAspect:24 - Method findAllRolesWithCache start
2022-11-03 20:02:00 INFO  CustomAspect:25 - Parameters count = 0
2022-11-03 20:03:26 INFO  CustomAspect:24 - Method findAllRolesWithCache start
2022-11-03 20:03:26 INFO  CustomAspect:25 - Parameters count = 0
2022-11-03 20:03:26 INFO  CustomAspect:34 - Method findAllRolesWithCache finished
2022-11-03 20:03:26 INFO  CustomAspect:35 - Total execution time StopWatch in nanoseconds: 168377135
2022-11-03 20:03:27 INFO  CustomAspect:24 - Method findAllRolesWithCache start
2022-11-03 20:03:27 INFO  CustomAspect:25 - Parameters count = 0
2022-11-03 20:03:27 INFO  CustomAspect:34 - Method findAllRolesWithCache finished
2022-11-03 20:03:27 INFO  CustomAspect:35 - Total execution time StopWatch in nanoseconds: 2744675
2022-11-03 20:06:27 INFO  CustomAspect:24 - Method findExerciseListWithCache start
2022-11-03 20:06:27 INFO  CustomAspect:25 - Parameters count = 0
2022-11-03 20:06:27 INFO  CustomAspect:34 - Method findExerciseListWithCache finished
2022-11-03 20:06:27 INFO  CustomAspect:35 - Total execution time StopWatch in nanoseconds: 152441940
2022-11-03 20:06:30 INFO  CustomAspect:24 - Method findExerciseListWithCache start
2022-11-03 20:06:30 INFO  CustomAspect:25 - Parameters count = 0
2022-11-03 20:06:30 INFO  CustomAspect:34 - Method findExerciseListWithCache finished
2022-11-03 20:06:30 INFO  CustomAspect:35 - Total execution time StopWatch in nanoseconds: 4032765
2022-11-03 20:06:32 INFO  CustomAspect:24 - Method findExerciseListWithCache start
2022-11-03 20:06:32 INFO  CustomAspect:25 - Parameters count = 0
2022-11-03 20:06:32 INFO  CustomAspect:34 - Method findExerciseListWithCache finished
2022-11-03 20:06:32 INFO  CustomAspect:35 - Total execution time StopWatch in nanoseconds: 175766
2022-11-03 20:08:54 INFO  CustomAspect:24 - Method findAllRolesWithCache start
2022-11-03 20:08:54 INFO  CustomAspect:25 - Parameters count = 0
2022-11-03 20:08:54 INFO  CustomAspect:34 - Method findAllRolesWithCache finished
2022-11-03 20:08:54 INFO  CustomAspect:35 - Total execution time StopWatch in nanoseconds: 54611678
2022-11-03 20:08:57 INFO  CustomAspect:24 - Method findAllRolesWithCache start
2022-11-03 20:08:57 INFO  CustomAspect:25 - Parameters count = 0
2022-11-03 20:08:57 INFO  CustomAspect:34 - Method findAllRolesWithCache finished
2022-11-03 20:08:57 INFO  CustomAspect:35 - Total execution time StopWatch in nanoseconds: 3284800
2022-11-03 20:08:58 INFO  CustomAspect:24 - Method findAllRolesWithCache start
2022-11-03 20:08:58 INFO  CustomAspect:25 - Parameters count = 0
2022-11-03 20:08:58 INFO  CustomAspect:34 - Method findAllRolesWithCache finished
2022-11-03 20:08:58 INFO  CustomAspect:35 - Total execution time StopWatch in nanoseconds: 156521
2022-11-03 20:09:09 INFO  CustomAspect:24 - Method findExerciseListWithCache start
2022-11-03 20:09:09 INFO  CustomAspect:25 - Parameters count = 0
2022-11-03 20:09:09 INFO  CustomAspect:34 - Method findExerciseListWithCache finished
2022-11-03 20:09:09 INFO  CustomAspect:35 - Total execution time StopWatch in nanoseconds: 82602832
2022-11-03 20:09:11 INFO  CustomAspect:24 - Method findExerciseListWithCache start
2022-11-03 20:09:11 INFO  CustomAspect:25 - Parameters count = 0
2022-11-03 20:09:11 INFO  CustomAspect:34 - Method findExerciseListWithCache finished
2022-11-03 20:09:11 INFO  CustomAspect:35 - Total execution time StopWatch in nanoseconds: 159942
2022-11-03 20:09:11 INFO  CustomAspect:24 - Method findExerciseListWithCache start
2022-11-03 20:09:11 INFO  CustomAspect:25 - Parameters count = 0
2022-11-03 20:09:11 INFO  CustomAspect:34 - Method findExerciseListWithCache finished
2022-11-03 20:09:11 INFO  CustomAspect:35 - Total execution time StopWatch in nanoseconds: 142836
2022-11-03 20:29:12 INFO  CustomAspect:24 - Method userUpdateByIdEndpoint start
2022-11-03 20:29:12 INFO  CustomAspect:25 - Parameters count = 7
2022-11-03 20:29:12 INFO  CustomAspect:34 - Method userUpdateByIdEndpoint finished
2022-11-03 20:29:12 INFO  CustomAspect:35 - Total execution time StopWatch in nanoseconds: 176351148
